Start testing: Jul 19 22:50 CEST
----------------------------------------------------------
1/5 Testing: test_types
1/5 Test: test_types
Command: "/home/jules/droneMk2/build/test_types"
Directory: /home/jules/droneMk2/build
"test_types" start time: Jul 19 22:50 CEST
Output:
----------------------------------------------------------
Running main() from ./googletest/src/gtest_main.cc
[==========] Running 26 tests from 2 test suites.
[----------] Global test environment set-up.
[----------] 24 tests from TypesTest
[ RUN      ] TypesTest.MetersIsExplicit
[       OK ] TypesTest.MetersIsExplicit (0 ms)
[ RUN      ] TypesTest.MetersPerSecIsExplicit
[       OK ] TypesTest.MetersPerSecIsExplicit (0 ms)
[ RUN      ] TypesTest.GaussIsExplicit
[       OK ] TypesTest.GaussIsExplicit (0 ms)
[ RUN      ] TypesTest.HzIsExplicit
[       OK ] TypesTest.HzIsExplicit (0 ms)
[ RUN      ] TypesTest.RadiansDegreesConversion
[       OK ] TypesTest.RadiansDegreesConversion (0 ms)
[ RUN      ] TypesTest.ScalarComparisons
[       OK ] TypesTest.ScalarComparisons (0 ms)
[ RUN      ] TypesTest.ScalarNegation
[       OK ] TypesTest.ScalarNegation (0 ms)
[ RUN      ] TypesTest.DifferentTagsAreDifferentTypes
[       OK ] TypesTest.DifferentTagsAreDifferentTypes (0 ms)
[ RUN      ] TypesTest.PositionNorm
[       OK ] TypesTest.PositionNorm (0 ms)
[ RUN      ] TypesTest.VelocityNorm
[       OK ] TypesTest.VelocityNorm (0 ms)
[ RUN      ] TypesTest.AccelerationDefaultsToZero
[       OK ] TypesTest.AccelerationDefaultsToZero (0 ms)
[ RUN      ] TypesTest.MagneticFieldNorm
[       OK ] TypesTest.MagneticFieldNorm (0 ms)
[ RUN      ] TypesTest.Vec3IsTriviallyCopyable
[       OK ] TypesTest.Vec3IsTriviallyCopyable (0 ms)
[ RUN      ] TypesTest.Vec3AsEigenMatchesComponents
[       OK ] TypesTest.Vec3AsEigenMatchesComponents (0 ms)
[ RUN      ] TypesTest.QuatDefaultsToIdentity
[       OK ] TypesTest.QuatDefaultsToIdentity (0 ms)
[ RUN      ] TypesTest.QuatYaw90Degrees
[       OK ] TypesTest.QuatYaw90Degrees (0 ms)
[ RUN      ] TypesTest.WaypointDefaults
[       OK ] TypesTest.WaypointDefaults (0 ms)
[ RUN      ] TypesTest.VectorTypesDefaultToZero
[       OK ] TypesTest.VectorTypesDefaultToZero (0 ms)
[ RUN      ] TypesTest.ClockAdvances
[       OK ] TypesTest.ClockAdvances (1 ms)
[ RUN      ] TypesTest.MsUsConversion
[       OK ] TypesTest.MsUsConversion (0 ms)
[ RUN      ] TypesTest.ResultAliasWrapsExpected
[       OK ] TypesTest.ResultAliasWrapsExpected (0 ms)
[ RUN      ] TypesTest.ComponentIDCountIsLastAndSized
[       OK ] TypesTest.ComponentIDCountIsLastAndSized (0 ms)
[ RUN      ] TypesTest.ShmErrorNoneIsZero
[       OK ] TypesTest.ShmErrorNoneIsZero (0 ms)
[ RUN      ] TypesTest.DriverHealthValuesAreDistinct
[       OK ] TypesTest.DriverHealthValuesAreDistinct (0 ms)
[----------] 24 tests from TypesTest (1 ms total)

[----------] 2 tests from NavModeTest
[ RUN      ] NavModeTest.ToStringCoversAllModes
[       OK ] NavModeTest.ToStringCoversAllModes (0 ms)
[ RUN      ] NavModeTest.DistinctModesHaveDistinctStrings
[       OK ] NavModeTest.DistinctModesHaveDistinctStrings (0 ms)
[----------] 2 tests from NavModeTest (0 ms total)

[----------] Global test environment tear-down
[==========] 26 tests from 2 test suites ran. (1 ms total)
[  PASSED  ] 26 tests.
<end of output>
Test time =   0.00 sec
----------------------------------------------------------
Test Passed.
"test_types" end time: Jul 19 22:50 CEST
"test_types" time elapsed: 00:00:00
----------------------------------------------------------

2/5 Testing: test_shared_state
2/5 Test: test_shared_state
Command: "/home/jules/droneMk2/build/test_shared_state"
Directory: /home/jules/droneMk2/build
"test_shared_state" start time: Jul 19 22:50 CEST
Output:
----------------------------------------------------------
Running main() from ./googletest/src/gtest_main.cc
[==========] Running 15 tests from 4 test suites.
[----------] Global test environment set-up.
[----------] 3 tests from SharedMemoryErrorTest
[ RUN      ] SharedMemoryErrorTest.NoErrorByDefault
[       OK ] SharedMemoryErrorTest.NoErrorByDefault (0 ms)
[ RUN      ] SharedMemoryErrorTest.SuccessDoesNotClearPendingError
[       OK ] SharedMemoryErrorTest.SuccessDoesNotClearPendingError (1 ms)
[ RUN      ] SharedMemoryErrorTest.ConsumeErrorResetsToNone
[       OK ] SharedMemoryErrorTest.ConsumeErrorResetsToNone (1 ms)
[----------] 3 tests from SharedMemoryErrorTest (2 ms total)

[----------] 2 tests from SharedMemoryConcurrencyTest
[ RUN      ] SharedMemoryConcurrencyTest.ConcurrentSetHealthDoesNotLoseUpdates
[       OK ] SharedMemoryConcurrencyTest.ConcurrentSetHealthDoesNotLoseUpdates (0 ms)
[ RUN      ] SharedMemoryConcurrencyTest.ConcurrentReadersNeverSeeCorruption
[       OK ] SharedMemoryConcurrencyTest.ConcurrentReadersNeverSeeCorruption (50 ms)
[----------] 2 tests from SharedMemoryConcurrencyTest (51 ms total)

[----------] 2 tests from SharedCompMemHistoryTest
[ RUN      ] SharedCompMemHistoryTest.CorruptedRestartHistoryIsDetected
[       OK ] SharedCompMemHistoryTest.CorruptedRestartHistoryIsDetected (0 ms)
[ RUN      ] SharedCompMemHistoryTest.RecordStartSelfHealsOnCorruption
[       OK ] SharedCompMemHistoryTest.RecordStartSelfHealsOnCorruption (0 ms)
[----------] 2 tests from SharedCompMemHistoryTest (0 ms total)

[----------] 8 tests from DiagCodeTest
[ RUN      ] DiagCodeTest.MinorCodeAppearsAtFrontOfRing
[       OK ] DiagCodeTest.MinorCodeAppearsAtFrontOfRing (0 ms)
[ RUN      ] DiagCodeTest.MajorCodeStaysActiveDespiteMinorTraffic
[       OK ] DiagCodeTest.MajorCodeStaysActiveDespiteMinorTraffic (0 ms)
[ RUN      ] DiagCodeTest.ClearCodeRemovesFromActiveSet
[       OK ] DiagCodeTest.ClearCodeRemovesFromActiveSet (0 ms)
[ RUN      ] DiagCodeTest.MinorRingOverwritesOldestEntries
[       OK ] DiagCodeTest.MinorRingOverwritesOldestEntries (0 ms)
[ RUN      ] DiagCodeTest.CodesAreIsolatedPerComponent
[       OK ] DiagCodeTest.CodesAreIsolatedPerComponent (0 ms)
[ RUN      ] DiagCodeTest.UnknownCodeFallsBackToMinor
[       OK ] DiagCodeTest.UnknownCodeFallsBackToMinor (0 ms)
[ RUN      ] DiagCodeTest.CorruptedCodeStorageIsDetected
[       OK ] DiagCodeTest.CorruptedCodeStorageIsDetected (0 ms)
[ RUN      ] DiagCodeTest.UnrelatedWriteDoesNotMaskAnotherComponentsCorruption
[       OK ] DiagCodeTest.UnrelatedWriteDoesNotMaskAnotherComponentsCorruption (0 ms)
[----------] 8 tests from DiagCodeTest (0 ms total)

[----------] Global test environment tear-down
[==========] 15 tests from 4 test suites ran. (53 ms total)
[  PASSED  ] 15 tests.
<end of output>
Test time =   0.06 sec
----------------------------------------------------------
Test Passed.
"test_shared_state" end time: Jul 19 22:50 CEST
"test_shared_state" time elapsed: 00:00:00
----------------------------------------------------------

3/5 Testing: test_watchdog
3/5 Test: test_watchdog
Command: "/home/jules/droneMk2/build/test_watchdog"
Directory: /home/jules/droneMk2/build
"test_watchdog" start time: Jul 19 22:50 CEST
Output:
----------------------------------------------------------
Running main() from ./googletest/src/gtest_main.cc
[==========] Running 15 tests from 7 test suites.
[----------] Global test environment set-up.
[----------] 1 test from ComponentWatchdogDeathTest
[ RUN      ] ComponentWatchdogDeathTest.EscalatesToExitAfterTooManyRestarts
[       OK ] ComponentWatchdogDeathTest.EscalatesToExitAfterTooManyRestarts (6 ms)
[----------] 1 test from ComponentWatchdogDeathTest (6 ms total)

[----------] 1 test from TaskDeathTest
[ RUN      ] TaskDeathTest.ConstructorWiresRestartThresholdCorrectly
[       OK ] TaskDeathTest.ConstructorWiresRestartThresholdCorrectly (4 ms)
[----------] 1 test from TaskDeathTest (4 ms total)

[----------] 4 tests from ComponentWatchdogTest
[ RUN      ] ComponentWatchdogTest.RestartsBelowThresholdDoNotEscalate
[       OK ] ComponentWatchdogTest.RestartsBelowThresholdDoNotEscalate (4 ms)
[ RUN      ] ComponentWatchdogTest.RestartWindowPruningPreventsEscalation
[       OK ] ComponentWatchdogTest.RestartWindowPruningPreventsEscalation (150 ms)
[ RUN      ] ComponentWatchdogTest.HeartbeatPreventsRestart
[       OK ] ComponentWatchdogTest.HeartbeatPreventsRestart (0 ms)
[ RUN      ] ComponentWatchdogTest.PicksUpShmErrorsFromRegisteredSources
[       OK ] ComponentWatchdogTest.PicksUpShmErrorsFromRegisteredSources (0 ms)
[----------] 4 tests from ComponentWatchdogTest (154 ms total)

[----------] 1 test from TaskTest
[ RUN      ] TaskTest.ConstructorWiresRestartConfigIntoWatchdog
[       OK ] TaskTest.ConstructorWiresRestartConfigIntoWatchdog (2 ms)
[----------] 1 test from TaskTest (2 ms total)

[----------] 4 tests from ComponentBaseTest
[ RUN      ] ComponentBaseTest.FreshStartIsNominal
[       OK ] ComponentBaseTest.FreshStartIsNominal (10 ms)
[ RUN      ] ComponentBaseTest.SingleHotStartIsDegraded
[       OK ] ComponentBaseTest.SingleHotStartIsDegraded (10 ms)
[ RUN      ] ComponentBaseTest.TooManyHotStartsEscalatesToSick
[       OK ] ComponentBaseTest.TooManyHotStartsEscalatesToSick (10 ms)
[ RUN      ] ComponentBaseTest.RecentColdStartIsDead
[       OK ] ComponentBaseTest.RecentColdStartIsDead (10 ms)
[----------] 4 tests from ComponentBaseTest (40 ms total)

[----------] 2 tests from TaskRealExecutionTest
[ RUN      ] TaskRealExecutionTest.LoopRunsAtConfiguredFrequency
[       OK ] TaskRealExecutionTest.LoopRunsAtConfiguredFrequency (110 ms)
[ RUN      ] TaskRealExecutionTest.WatchdogRestartsATransientlyStalledTask
[       OK ] TaskRealExecutionTest.WatchdogRestartsATransientlyStalledTask (410 ms)
[----------] 2 tests from TaskRealExecutionTest (520 ms total)

[----------] 2 tests from ComponentWatchdogRealThreadTest
[ RUN      ] ComponentWatchdogRealThreadTest.DetectsAndRestartsATrulyDeadTask
[       OK ] ComponentWatchdogRealThreadTest.DetectsAndRestartsATrulyDeadTask (160 ms)
[ RUN      ] ComponentWatchdogRealThreadTest.RespectsHeartbeatFromAnotherThread
[       OK ] ComponentWatchdogRealThreadTest.RespectsHeartbeatFromAnotherThread (160 ms)
[----------] 2 tests from ComponentWatchdogRealThreadTest (320 ms total)

[----------] Global test environment tear-down
[==========] 15 tests from 7 test suites ran. (1048 ms total)
[  PASSED  ] 15 tests.
<end of output>
Test time =   1.05 sec
----------------------------------------------------------
Test Passed.
"test_watchdog" end time: Jul 19 22:50 CEST
"test_watchdog" time elapsed: 00:00:01
----------------------------------------------------------

4/5 Testing: test_telemetry
4/5 Test: test_telemetry
Command: "/home/jules/droneMk2/build/test_telemetry"
Directory: /home/jules/droneMk2/build
"test_telemetry" start time: Jul 19 22:50 CEST
Output:
----------------------------------------------------------
Running main() from ./googletest/src/gtest_main.cc
[==========] Running 14 tests from 3 test suites.
[----------] Global test environment set-up.
[----------] 5 tests from TelemetryPacketTest
[ RUN      ] TelemetryPacketTest.PosRoundTrip
[       OK ] TelemetryPacketTest.PosRoundTrip (0 ms)
[ RUN      ] TelemetryPacketTest.AutopilotModeRoundTrip
[       OK ] TelemetryPacketTest.AutopilotModeRoundTrip (0 ms)
[ RUN      ] TelemetryPacketTest.EmptyPayloadPacketRoundTrip
[       OK ] TelemetryPacketTest.EmptyPayloadPacketRoundTrip (0 ms)
[ RUN      ] TelemetryPacketTest.UnpackTruncatedBufferReturnsDefault
[       OK ] TelemetryPacketTest.UnpackTruncatedBufferReturnsDefault (0 ms)
[ RUN      ] TelemetryPacketTest.KTableCoversEveryPacketID
[       OK ] TelemetryPacketTest.KTableCoversEveryPacketID (0 ms)
[----------] 5 tests from TelemetryPacketTest (0 ms total)

[----------] 2 tests from TelemetryFramingTest
[ RUN      ] TelemetryFramingTest.EncodeDecodeRoundTrip
[       OK ] TelemetryFramingTest.EncodeDecodeRoundTrip (0 ms)
[ RUN      ] TelemetryFramingTest.DecodeEmptyBufferFails
[       OK ] TelemetryFramingTest.DecodeEmptyBufferFails (0 ms)
[----------] 2 tests from TelemetryFramingTest (0 ms total)

[----------] 7 tests from PacketSchedulerTest
[ RUN      ] PacketSchedulerTest.MainLinkCarriesEveryDownPacket
[       OK ] PacketSchedulerTest.MainLinkCarriesEveryDownPacket (0 ms)
[ RUN      ] PacketSchedulerTest.SecLinkOnlyCarriesBothPackets
[       OK ] PacketSchedulerTest.SecLinkOnlyCarriesBothPackets (0 ms)
[ RUN      ] PacketSchedulerTest.CriticalAlwaysBeatsRoutineWhenBothDue
[       OK ] PacketSchedulerTest.CriticalAlwaysBeatsRoutineWhenBothDue (0 ms)
[ RUN      ] PacketSchedulerTest.MostOverdueWinsAtEqualPriority
[       OK ] PacketSchedulerTest.MostOverdueWinsAtEqualPriority (0 ms)
[ RUN      ] PacketSchedulerTest.NothingDueReturnsNullptr
[       OK ] PacketSchedulerTest.NothingDueReturnsNullptr (0 ms)
[ RUN      ] PacketSchedulerTest.MarkDirtyForcesEventPacketDue
[       OK ] PacketSchedulerTest.MarkDirtyForcesEventPacketDue (0 ms)
[ RUN      ] PacketSchedulerTest.EventPacketRedundancyRefiresWithoutMarkDirty
[       OK ] PacketSchedulerTest.EventPacketRedundancyRefiresWithoutMarkDirty (0 ms)
[----------] 7 tests from PacketSchedulerTest (0 ms total)

[----------] Global test environment tear-down
[==========] 14 tests from 3 test suites ran. (0 ms total)
[  PASSED  ] 14 tests.
<end of output>
Test time =   0.00 sec
----------------------------------------------------------
Test Passed.
"test_telemetry" end time: Jul 19 22:50 CEST
"test_telemetry" time elapsed: 00:00:00
----------------------------------------------------------

5/5 Testing: test_global_watchdog
5/5 Test: test_global_watchdog
Command: "/home/jules/droneMk2/build/test_global_watchdog"
Directory: /home/jules/droneMk2/build
"test_global_watchdog" start time: Jul 19 22:50 CEST
Output:
----------------------------------------------------------
Running main() from ./googletest/src/gtest_main.cc
[==========] Running 3 tests from 1 test suite.
[----------] Global test environment set-up.
[----------] 3 tests from GlobalWatchdogTest
[ RUN      ] GlobalWatchdogTest.SpawnsChildrenWithCorrectRolesAndCleansUpShm
[       OK ] GlobalWatchdogTest.SpawnsChildrenWithCorrectRolesAndCleansUpShm (160 ms)
[ RUN      ] GlobalWatchdogTest.RespawnsChildrenThatDie
GlobalWatchdog: navigation est mort, reset writer flags + respawn
GlobalWatchdog: sensorfusion est mort, reset writer flags + respawn
GlobalWatchdog: sysmonitoring est mort, reset writer flags + respawn
GlobalWatchdog: navigation est mort, reset writer flags + respawn
GlobalWatchdog: sensorfusion est mort, reset writer flags + respawn
GlobalWatchdog: sysmonitoring est mort, reset writer flags + respawn
GlobalWatchdog: sensorfusion est mort, reset writer flags + respawn
GlobalWatchdog: navigation est mort, reset writer flags + respawn
GlobalWatchdog: sysmonitoring est mort, reset writer flags + respawn
GlobalWatchdog: sensorfusion est mort, reset writer flags + respawn
GlobalWatchdog: navigation est mort, reset writer flags + respawn
GlobalWatchdog: sysmonitoring est mort, reset writer flags + respawn
GlobalWatchdog: navigation est mort, reset writer flags + respawn
GlobalWatchdog: sensorfusion est mort, reset writer flags + respawn
GlobalWatchdog: sysmonitoring est mort, reset writer flags + respawn
GlobalWatchdog: navigation est mort, reset writer flags + respawn
GlobalWatchdog: sensorfusion est mort, reset writer flags + respawn
GlobalWatchdog: sysmonitoring est mort, reset writer flags + respawn
GlobalWatchdog: navigation est mort, reset writer flags + respawn
GlobalWatchdog: sensorfusion est mort, reset writer flags + respawn
GlobalWatchdog: sysmonitoring est mort, reset writer flags + respawn
GlobalWatchdog: navigation est mort, reset writer flags + respawn
GlobalWatchdog: sensorfusion est mort, reset writer flags + respawn
GlobalWatchdog: sysmonitoring est mort, reset writer flags + respawn
GlobalWatchdog: navigation est mort, reset writer flags + respawn
GlobalWatchdog: sensorfusion est mort, reset writer flags + respawn
GlobalWatchdog: sysmonitoring est mort, reset writer flags + respawn
[       OK ] GlobalWatchdogTest.RespawnsChildrenThatDie (310 ms)
[ RUN      ] GlobalWatchdogTest.GroupWideSigtermDoesNotResurrectChildren
[       OK ] GlobalWatchdogTest.GroupWideSigtermDoesNotResurrectChildren (160 ms)
[----------] 3 tests from GlobalWatchdogTest (631 ms total)

[----------] Global test environment tear-down
[==========] 3 tests from 1 test suite ran. (631 ms total)
[  PASSED  ] 3 tests.
<end of output>
Test time =   0.63 sec
----------------------------------------------------------
Test Passed.
"test_global_watchdog" end time: Jul 19 22:50 CEST
"test_global_watchdog" time elapsed: 00:00:00
----------------------------------------------------------

End testing: Jul 19 22:50 CEST
